<?xml version="1.0" encoding="UTF-8"?>
<testsuite name="org.movies.infraestructure.entry_points.reactive_web.pelicula.PeliculaFilterControllerTest" tests="1" skipped="0" failures="0" errors="0" timestamp="2024-05-26T15:47:38" hostname="LAPTOP-M4E6T1FE" time="0.048">
  <properties/>
  <testcase name="filtroPeliculasTest()" classname="org.movies.infraestructure.entry_points.reactive_web.pelicula.PeliculaFilterControllerTest" time="0.048"/>
  <system-out><![CDATA[2024-05-26 10:47:36.969  INFO 5172 --- [    Test worker] .b.t.c.SpringBootTestContextBootstrapper : Neither @ContextConfiguration nor @ContextHierarchy found for test class [org.movies.infraestructure.entry_points.reactive_web.pelicula.PeliculaFilterControllerTest], using SpringBootContextLoader
2024-05-26 10:47:36.971  INFO 5172 --- [    Test worker] o.s.t.c.support.AbstractContextLoader    : Could not detect default resource locations for test class [org.movies.infraestructure.entry_points.reactive_web.pelicula.PeliculaFilterControllerTest]: no resource found for suffixes {-context.xml, Context.groovy}.
2024-05-26 10:47:36.971  INFO 5172 --- [    Test worker] t.c.s.AnnotationConfigContextLoaderUtils : Could not detect default configuration classes for test class [org.movies.infraestructure.entry_points.reactive_web.pelicula.PeliculaFilterControllerTest]: PeliculaFilterControllerTest does not declare any static, non-private, non-final, nested classes annotated with @Configuration.
2024-05-26 10:47:36.973  INFO 5172 --- [    Test worker] .b.t.c.SpringBootTestContextBootstrapper : Found @SpringBootConfiguration org.movies.MainApplication for test class org.movies.infraestructure.entry_points.reactive_web.pelicula.PeliculaFilterControllerTest
2024-05-26 10:47:36.976  INFO 5172 --- [    Test worker] .b.t.c.SpringBootTestContextBootstrapper : Loaded default TestExecutionListener class names from location [META-INF/spring.factories]: [org.springframework.boot.test.autoconfigure.restdocs.RestDocsTestExecutionListener, org.springframework.boot.test.autoconfigure.web.client.MockRestServiceServerResetTestExecutionListener, org.springframework.boot.test.autoconfigure.web.servlet.MockMvcPrintOnlyOnFailureTestExecutionListener, org.springframework.boot.test.autoconfigure.web.servlet.WebDriverTestExecutionListener, org.springframework.boot.test.autoconfigure.webservices.client.MockWebServiceServerTestExecutionListener, org.springframework.boot.test.mock.mockito.MockitoTestExecutionListener, org.springframework.boot.test.mock.mockito.ResetMocksTestExecutionListener, org.springframework.test.context.web.ServletTestExecutionListener, org.springframework.test.context.support.DirtiesContextBeforeModesTestExecutionListener, org.springframework.test.context.event.ApplicationEventsTestExecutionListener, org.springframework.test.context.support.DependencyInjectionTestExecutionListener, org.springframework.test.context.support.DirtiesContextTestExecutionListener, org.springframework.test.context.transaction.TransactionalTestExecutionListener, org.springframework.test.context.jdbc.SqlScriptsTestExecutionListener, org.springframework.test.context.event.EventPublishingTestExecutionListener]
2024-05-26 10:47:36.977  INFO 5172 --- [    Test worker] .b.t.c.SpringBootTestContextBootstrapper : Using TestExecutionListeners: [org.springframework.test.context.support.DirtiesContextBeforeModesTestExecutionListener@25d9298e, org.springframework.test.context.event.ApplicationEventsTestExecutionListener@6ab826bb, org.springframework.boot.test.mock.mockito.MockitoTestExecutionListener@219db855, org.springframework.boot.test.autoconfigure.SpringBootDependencyInjectionTestExecutionListener@3702d0ed, org.springframework.test.context.support.DirtiesContextTestExecutionListener@5b7b0ada, org.springframework.test.context.transaction.TransactionalTestExecutionListener@705d72f0, org.springframework.test.context.jdbc.SqlScriptsTestExecutionListener@3c4e23be, org.springframework.test.context.event.EventPublishingTestExecutionListener@1d6a0962, org.springframework.boot.test.autoconfigure.restdocs.RestDocsTestExecutionListener@1ec4fdcf, org.springframework.boot.test.autoconfigure.web.client.MockRestServiceServerResetTestExecutionListener@515d615, org.springframework.boot.test.autoconfigure.web.servlet.MockMvcPrintOnlyOnFailureTestExecutionListener@488b46da, org.springframework.boot.test.autoconfigure.web.servlet.WebDriverTestExecutionListener@5e777b0, org.springframework.boot.test.autoconfigure.webservices.client.MockWebServiceServerTestExecutionListener@3c74d846, org.springframework.boot.test.mock.mockito.ResetMocksTestExecutionListener@17fa14a3]

  .   ____          _            __ _ _
 /\\ / ___'_ __ _ _(_)_ __  __ _ \ \ \ \
( ( )\___ | '_ | '_| | '_ \/ _` | \ \ \ \
 \\/  ___)| |_)| | | | | || (_| |  ) ) ) )
  '  |____| .__|_| |_|_| |_\__, | / / / /
 =========|_|==============|___/=/_/_/_/
 :: Spring Boot ::                (v2.6.0)

2024-05-26 10:47:37.008  INFO 5172 --- [    Test worker] o.m.i.e.r.p.PeliculaFilterControllerTest : Starting PeliculaFilterControllerTest using Java 11.0.11 on LAPTOP-M4E6T1FE with PID 5172 (started by Humberto Manjarres in C:\Users\Humberto Manjarres\Documents\workspace-spring-tool-suite-4-curso-Udemy\movies)
2024-05-26 10:47:37.008  INFO 5172 --- [    Test worker] o.m.i.e.r.p.PeliculaFilterControllerTest : No active profile set, falling back to default profiles: default
2024-05-26 10:47:37.193  INFO 5172 --- [    Test worker] .s.d.r.c.RepositoryConfigurationDelegate : Bootstrapping Spring Data Reactive MongoDB repositories in DEFAULT mode.
2024-05-26 10:47:37.233  INFO 5172 --- [    Test worker] .s.d.r.c.RepositoryConfigurationDelegate : Finished Spring Data repository scanning in 39 ms. Found 2 Reactive MongoDB repository interfaces.
2024-05-26 10:47:37.332  INFO 5172 --- [    Test worker] org.mongodb.driver.cluster               : Cluster created with settings {hosts=[localhost:27017], mode=SINGLE, requiredClusterType=UNKNOWN, serverSelectionTimeout='30000 ms'}
2024-05-26 10:47:37.338  INFO 5172 --- [localhost:27017] org.mongodb.driver.connection            : Opened connection [connectionId{localValue:17, serverValue:131}] to localhost:27017
2024-05-26 10:47:37.338  INFO 5172 --- [localhost:27017] org.mongodb.driver.cluster               : Monitor thread successfully connected to server with description ServerDescription{address=localhost:27017, type=STANDALONE, state=CONNECTED, ok=true, minWireVersion=0, maxWireVersion=13, maxDocumentSize=16777216, logicalSessionTimeoutMinutes=30, roundTripTimeNanos=2992300}
2024-05-26 10:47:37.341  INFO 5172 --- [localhost:27017] org.mongodb.driver.connection            : Opened connection [connectionId{localValue:18, serverValue:132}] to localhost:27017
2024-05-26 10:47:37.901  INFO 5172 --- [    Test worker] org.mongodb.driver.cluster               : Cluster created with settings {hosts=[${mongodb}:27017], mode=SINGLE, requiredClusterType=UNKNOWN, serverSelectionTimeout='30000 ms'}
2024-05-26 10:47:37.907  INFO 5172 --- [{mongodb}:27017] org.mongodb.driver.cluster               : Exception in monitor thread while connecting to server ${mongodb}:27017

com.mongodb.MongoSocketException: ${mongodb}
	at com.mongodb.ServerAddress.getSocketAddresses(ServerAddress.java:211) ~[mongodb-driver-core-4.4.0.jar:na]
	at com.mongodb.connection.netty.NettyStream.openAsync(NettyStream.java:163) ~[mongodb-driver-core-4.4.0.jar:na]
	at com.mongodb.connection.netty.NettyStream.open(NettyStream.java:154) ~[mongodb-driver-core-4.4.0.jar:na]
	at com.mongodb.internal.connection.InternalStreamConnection.open(InternalStreamConnection.java:180) ~[mongodb-driver-core-4.4.0.jar:na]
	at com.mongodb.internal.connection.DefaultServerMonitor$ServerMonitorRunnable.lookupServerDescription(DefaultServerMonitor.java:188) ~[mongodb-driver-core-4.4.0.jar:na]
	at com.mongodb.internal.connection.DefaultServerMonitor$ServerMonitorRunnable.run(DefaultServerMonitor.java:152) ~[mongodb-driver-core-4.4.0.jar:na]
	at java.base/java.lang.Thread.run(Thread.java:834) ~[na:na]
Caused by: java.net.UnknownHostException: ${mongodb}
	at java.base/java.net.InetAddress$CachedAddresses.get(InetAddress.java:797) ~[na:na]
	at java.base/java.net.InetAddress.getAllByName0(InetAddress.java:1505) ~[na:na]
	at java.base/java.net.InetAddress.getAllByName(InetAddress.java:1364) ~[na:na]
	at java.base/java.net.InetAddress.getAllByName(InetAddress.java:1298) ~[na:na]
	at com.mongodb.ServerAddress.getSocketAddresses(ServerAddress.java:203) ~[mongodb-driver-core-4.4.0.jar:na]
	... 6 common frames omitted

2024-05-26 10:47:38.106  INFO 5172 --- [    Test worker] o.m.i.e.r.p.PeliculaFilterControllerTest : Started PeliculaFilterControllerTest in 1.125 seconds (JVM running for 23.371)
]]></system-out>
  <system-err><![CDATA[]]></system-err>
</testsuite>
