<?xml version="1.0" encoding="UTF-8"?>
<testsuite name="org.movies.infraestructure.entry_points.reactive_web.pelicula.PeliculaFilterControllerTest" tests="1" skipped="0" failures="0" errors="0" timestamp="2024-06-01T17:36:12" hostname="LAPTOP-M4E6T1FE" time="0.032">
  <properties/>
  <testcase name="filtroPeliculasTest()" classname="org.movies.infraestructure.entry_points.reactive_web.pelicula.PeliculaFilterControllerTest" time="0.032"/>
  <system-out><![CDATA[2024-06-01 12:36:12.302  INFO 20312 --- [    Test worker] .b.t.c.SpringBootTestContextBootstrapper : Neither @ContextConfiguration nor @ContextHierarchy found for test class [org.movies.infraestructure.entry_points.reactive_web.pelicula.PeliculaFilterControllerTest], using SpringBootContextLoader
2024-06-01 12:36:12.304  INFO 20312 --- [    Test worker] o.s.t.c.support.AbstractContextLoader    : Could not detect default resource locations for test class [org.movies.infraestructure.entry_points.reactive_web.pelicula.PeliculaFilterControllerTest]: no resource found for suffixes {-context.xml, Context.groovy}.
2024-06-01 12:36:12.304  INFO 20312 --- [    Test worker] t.c.s.AnnotationConfigContextLoaderUtils : Could not detect default configuration classes for test class [org.movies.infraestructure.entry_points.reactive_web.pelicula.PeliculaFilterControllerTest]: PeliculaFilterControllerTest does not declare any static, non-private, non-final, nested classes annotated with @Configuration.
2024-06-01 12:36:12.308  INFO 20312 --- [    Test worker] .b.t.c.SpringBootTestContextBootstrapper : Found @SpringBootConfiguration org.movies.MainApplication for test class org.movies.infraestructure.entry_points.reactive_web.pelicula.PeliculaFilterControllerTest
2024-06-01 12:36:12.311  INFO 20312 --- [    Test worker] .b.t.c.SpringBootTestContextBootstrapper : Loaded default TestExecutionListener class names from location [META-INF/spring.factories]: [org.springframework.boot.test.autoconfigure.restdocs.RestDocsTestExecutionListener, org.springframework.boot.test.autoconfigure.web.client.MockRestServiceServerResetTestExecutionListener, org.springframework.boot.test.autoconfigure.web.servlet.MockMvcPrintOnlyOnFailureTestExecutionListener, org.springframework.boot.test.autoconfigure.web.servlet.WebDriverTestExecutionListener, org.springframework.boot.test.autoconfigure.webservices.client.MockWebServiceServerTestExecutionListener, org.springframework.boot.test.mock.mockito.MockitoTestExecutionListener, org.springframework.boot.test.mock.mockito.ResetMocksTestExecutionListener, org.springframework.test.context.web.ServletTestExecutionListener, org.springframework.test.context.support.DirtiesContextBeforeModesTestExecutionListener, org.springframework.test.context.event.ApplicationEventsTestExecutionListener, org.springframework.test.context.support.DependencyInjectionTestExecutionListener, org.springframework.test.context.support.DirtiesContextTestExecutionListener, org.springframework.test.context.transaction.TransactionalTestExecutionListener, org.springframework.test.context.jdbc.SqlScriptsTestExecutionListener, org.springframework.test.context.event.EventPublishingTestExecutionListener]
2024-06-01 12:36:12.312  INFO 20312 --- [    Test worker] .b.t.c.SpringBootTestContextBootstrapper : Using TestExecutionListeners: [org.springframework.test.context.support.DirtiesContextBeforeModesTestExecutionListener@8beb0dd, org.springframework.test.context.event.ApplicationEventsTestExecutionListener@3d99d327, org.springframework.boot.test.mock.mockito.MockitoTestExecutionListener@233789d9, org.springframework.boot.test.autoconfigure.SpringBootDependencyInjectionTestExecutionListener@7f31937b, org.springframework.test.context.support.DirtiesContextTestExecutionListener@2f4fc18, org.springframework.test.context.transaction.TransactionalTestExecutionListener@7187078a, org.springframework.test.context.jdbc.SqlScriptsTestExecutionListener@6e612122, org.springframework.test.context.event.EventPublishingTestExecutionListener@1d38cdde, org.springframework.boot.test.autoconfigure.restdocs.RestDocsTestExecutionListener@3809f65d, org.springframework.boot.test.autoconfigure.web.client.MockRestServiceServerResetTestExecutionListener@717b0d81, org.springframework.boot.test.autoconfigure.web.servlet.MockMvcPrintOnlyOnFailureTestExecutionListener@16745abd, org.springframework.boot.test.autoconfigure.web.servlet.WebDriverTestExecutionListener@4d793390, org.springframework.boot.test.autoconfigure.webservices.client.MockWebServiceServerTestExecutionListener@3a359f7c, org.springframework.boot.test.mock.mockito.ResetMocksTestExecutionListener@138b9abe]

  .   ____          _            __ _ _
 /\\ / ___'_ __ _ _(_)_ __  __ _ \ \ \ \
( ( )\___ | '_ | '_| | '_ \/ _` | \ \ \ \
 \\/  ___)| |_)| | | | | || (_| |  ) ) ) )
  '  |____| .__|_| |_|_| |_\__, | / / / /
 =========|_|==============|___/=/_/_/_/
 :: Spring Boot ::                (v2.6.0)

2024-06-01 12:36:12.342  INFO 20312 --- [    Test worker] o.m.i.e.r.p.PeliculaFilterControllerTest : Starting PeliculaFilterControllerTest using Java 11.0.11 on LAPTOP-M4E6T1FE with PID 20312 (started by Humberto Manjarres in C:\Users\Humberto Manjarres\Documents\workspace-spring-tool-suite-4-curso-Udemy\movies)
2024-06-01 12:36:12.343  INFO 20312 --- [    Test worker] o.m.i.e.r.p.PeliculaFilterControllerTest : No active profile set, falling back to default profiles: default
2024-06-01 12:36:12.491  INFO 20312 --- [    Test worker] .s.d.r.c.RepositoryConfigurationDelegate : Bootstrapping Spring Data Reactive MongoDB repositories in DEFAULT mode.
2024-06-01 12:36:12.528  INFO 20312 --- [    Test worker] .s.d.r.c.RepositoryConfigurationDelegate : Finished Spring Data repository scanning in 37 ms. Found 2 Reactive MongoDB repository interfaces.
2024-06-01 12:36:12.616  INFO 20312 --- [    Test worker] org.mongodb.driver.cluster               : Cluster created with settings {hosts=[localhost:27017], mode=SINGLE, requiredClusterType=UNKNOWN, serverSelectionTimeout='30000 ms'}
2024-06-01 12:36:12.621  INFO 20312 --- [localhost:27017] org.mongodb.driver.connection            : Opened connection [connectionId{localValue:18, serverValue:69}] to localhost:27017
2024-06-01 12:36:12.621  INFO 20312 --- [localhost:27017] org.mongodb.driver.connection            : Opened connection [connectionId{localValue:17, serverValue:70}] to localhost:27017
2024-06-01 12:36:12.622  INFO 20312 --- [localhost:27017] org.mongodb.driver.cluster               : Monitor thread successfully connected to server with description ServerDescription{address=localhost:27017, type=STANDALONE, state=CONNECTED, ok=true, minWireVersion=0, maxWireVersion=13, maxDocumentSize=16777216, logicalSessionTimeoutMinutes=30, roundTripTimeNanos=2229400}
2024-06-01 12:36:12.893  INFO 20312 --- [    Test worker] org.mongodb.driver.cluster               : Cluster created with settings {hosts=[localhost:27017], mode=SINGLE, requiredClusterType=UNKNOWN, serverSelectionTimeout='30000 ms'}
2024-06-01 12:36:12.902  INFO 20312 --- [localhost:27017] org.mongodb.driver.connection            : Opened connection [connectionId{localValue:20, serverValue:71}] to localhost:27017
2024-06-01 12:36:12.902  INFO 20312 --- [localhost:27017] org.mongodb.driver.connection            : Opened connection [connectionId{localValue:19, serverValue:72}] to localhost:27017
2024-06-01 12:36:12.902  INFO 20312 --- [localhost:27017] org.mongodb.driver.cluster               : Monitor thread successfully connected to server with description ServerDescription{address=localhost:27017, type=STANDALONE, state=CONNECTED, ok=true, minWireVersion=0, maxWireVersion=13, maxDocumentSize=16777216, logicalSessionTimeoutMinutes=30, roundTripTimeNanos=3944800}
2024-06-01 12:36:12.973  INFO 20312 --- [    Test worker] o.m.i.e.r.p.PeliculaFilterControllerTest : Started PeliculaFilterControllerTest in 0.658 seconds (JVM running for 12.483)
]]></system-out>
  <system-err><![CDATA[]]></system-err>
</testsuite>
